2018-10-27 18:00:51,511 [Worker-9] INFO  o.e.m.c.i.p.ProjectConfigurationManager - Collecting project info '/pom.xml' /Users/bhavin/Desktop/WebApp/Spring3Example/pom.xml
2018-10-27 18:01:15,433 [Worker-9] INFO  o.e.m.c.i.l.LifecycleMappingFactory - Using org.maven.ide.eclipse.wtp.WarLifecycleMapping lifecycle mapping for MavenProject: com.bhavin.core:Spring3Example:0.0.1-SNAPSHOT @ /Users/bhavin/Desktop/WebApp/Spring3Example/pom.xml.
2018-10-27 18:01:42,266 [Worker-9] INFO  o.e.m.j.i.AbstractJavaProjectConfigurator - Adding source folder /Spring3Example/src/main/java
2018-10-27 18:01:42,301 [Worker-9] INFO  o.e.m.j.i.AbstractJavaProjectConfigurator - Adding resource folder /Spring3Example/src/main/resources
2018-10-27 18:01:42,302 [Worker-9] INFO  o.e.m.j.i.AbstractJavaProjectConfigurator - Adding source folder /Spring3Example/src/test/java
2018-10-27 18:02:24,052 [Worker-9] INFO  o.e.m.c.i.p.ProjectConfigurationManager - Imported and configured 1 project(s) in 92 sec
2018-10-27 18:02:34,539 [Worker-7] WARN  o.e.m.c.i.embedder.EclipseLogger - Using platform encoding (UTF-8 actually) to copy filtered resources, i.e. build is platform dependent!
2018-10-27 18:02:35,134 [Worker-7] INFO  o.e.m.c.i.embedder.EclipseLogger - Copying 0 resource
2018-10-27 18:02:35,139 [Worker-7] WARN  o.e.m.c.i.embedder.EclipseLogger - Using platform encoding (UTF-8 actually) to copy filtered resources, i.e. build is platform dependent!
2018-10-27 18:02:35,141 [Worker-7] INFO  o.e.m.c.i.embedder.EclipseLogger - skip non existing resourceDirectory /Users/bhavin/Desktop/WebApp/Spring3Example/src/test/resources
2018-10-27 18:02:51,293 [Worker-13] WARN  o.e.m.c.i.embedder.EclipseLogger - Using platform encoding (UTF-8 actually) to copy filtered resources, i.e. build is platform dependent!
2018-10-27 18:02:51,408 [Worker-13] INFO  o.e.m.c.i.embedder.EclipseLogger - Copying 0 resource
2018-10-27 18:02:51,410 [Worker-13] WARN  o.e.m.c.i.embedder.EclipseLogger - Using platform encoding (UTF-8 actually) to copy filtered resources, i.e. build is platform dependent!
2018-10-27 18:02:51,411 [Worker-13] INFO  o.e.m.c.i.embedder.EclipseLogger - skip non existing resourceDirectory /Users/bhavin/Desktop/WebApp/Spring3Example/src/test/resources
2018-10-27 18:12:09,001 [Worker-23] WARN  o.e.m.c.i.embedder.EclipseLogger - Using platform encoding (UTF-8 actually) to copy filtered resources, i.e. build is platform dependent!
2018-10-27 18:12:09,307 [Worker-23] INFO  o.e.m.c.i.embedder.EclipseLogger - Copying 0 resource
2018-10-27 18:12:09,310 [Worker-23] WARN  o.e.m.c.i.embedder.EclipseLogger - Using platform encoding (UTF-8 actually) to copy filtered resources, i.e. build is platform dependent!
2018-10-27 18:12:09,492 [Worker-23] INFO  o.e.m.c.i.embedder.EclipseLogger - skip non existing resourceDirectory /Users/bhavin/Desktop/WebApp/Spring3Example/src/test/resources
2018-10-27 18:12:56,834 [Worker-13] WARN  o.e.m.c.i.embedder.EclipseLogger - Using platform encoding (UTF-8 actually) to copy filtered resources, i.e. build is platform dependent!
2018-10-27 18:12:56,865 [Worker-13] INFO  o.e.m.c.i.embedder.EclipseLogger - Copying 0 resource
2018-10-27 18:12:56,868 [Worker-13] WARN  o.e.m.c.i.embedder.EclipseLogger - Using platform encoding (UTF-8 actually) to copy filtered resources, i.e. build is platform dependent!
2018-10-27 18:12:56,869 [Worker-13] INFO  o.e.m.c.i.embedder.EclipseLogger - skip non existing resourceDirectory /Users/bhavin/Desktop/WebApp/Spring3Example/src/test/resources
2018-10-27 18:13:03,235 [Worker-12] WARN  o.e.m.c.i.embedder.EclipseLogger - Using platform encoding (UTF-8 actually) to copy filtered resources, i.e. build is platform dependent!
2018-10-27 18:13:04,719 [Worker-12] INFO  o.e.m.c.i.embedder.EclipseLogger - Copying 0 resource
2018-10-27 18:13:04,721 [Worker-12] WARN  o.e.m.c.i.embedder.EclipseLogger - Using platform encoding (UTF-8 actually) to copy filtered resources, i.e. build is platform dependent!
2018-10-27 18:13:04,722 [Worker-12] INFO  o.e.m.c.i.embedder.EclipseLogger - skip non existing resourceDirectory /Users/bhavin/Desktop/WebApp/Spring3Example/src/test/resources
2018-10-27 18:13:24,044 [Worker-24] WARN  o.e.m.c.i.embedder.EclipseLogger - Using platform encoding (UTF-8 actually) to copy filtered resources, i.e. build is platform dependent!
2018-10-27 18:13:24,179 [Worker-24] INFO  o.e.m.c.i.embedder.EclipseLogger - Copying 0 resource
2018-10-27 18:13:24,181 [Worker-24] WARN  o.e.m.c.i.embedder.EclipseLogger - Using platform encoding (UTF-8 actually) to copy filtered resources, i.e. build is platform dependent!
2018-10-27 18:13:24,182 [Worker-24] INFO  o.e.m.c.i.embedder.EclipseLogger - skip non existing resourceDirectory /Users/bhavin/Desktop/WebApp/Spring3Example/src/test/resources
2018-10-27 18:13:34,152 [Worker-24] WARN  o.e.m.c.i.embedder.EclipseLogger - Using platform encoding (UTF-8 actually) to copy filtered resources, i.e. build is platform dependent!
2018-10-27 18:13:34,153 [Worker-24] INFO  o.e.m.c.i.embedder.EclipseLogger - Copying 0 resource
2018-10-27 18:13:34,155 [Worker-24] WARN  o.e.m.c.i.embedder.EclipseLogger - Using platform encoding (UTF-8 actually) to copy filtered resources, i.e. build is platform dependent!
2018-10-27 18:13:34,158 [Worker-24] INFO  o.e.m.c.i.embedder.EclipseLogger - skip non existing resourceDirectory /Users/bhavin/Desktop/WebApp/Spring3Example/src/test/resources
2018-10-27 18:14:06,481 [Worker-13] WARN  o.e.m.c.i.embedder.EclipseLogger - Using platform encoding (UTF-8 actually) to copy filtered resources, i.e. build is platform dependent!
2018-10-27 18:14:06,799 [Worker-13] INFO  o.e.m.c.i.embedder.EclipseLogger - Copying 0 resource
2018-10-27 18:14:06,803 [Worker-13] WARN  o.e.m.c.i.embedder.EclipseLogger - Using platform encoding (UTF-8 actually) to copy filtered resources, i.e. build is platform dependent!
2018-10-27 18:14:06,804 [Worker-13] INFO  o.e.m.c.i.embedder.EclipseLogger - skip non existing resourceDirectory /Users/bhavin/Desktop/WebApp/Spring3Example/src/test/resources
2018-10-27 18:14:10,334 [Worker-22] WARN  o.e.m.c.i.embedder.EclipseLogger - Using platform encoding (UTF-8 actually) to copy filtered resources, i.e. build is platform dependent!
2018-10-27 18:14:10,336 [Worker-22] INFO  o.e.m.c.i.embedder.EclipseLogger - Copying 0 resource
2018-10-27 18:14:10,338 [Worker-22] WARN  o.e.m.c.i.embedder.EclipseLogger - Using platform encoding (UTF-8 actually) to copy filtered resources, i.e. build is platform dependent!
2018-10-27 18:14:10,426 [Worker-22] INFO  o.e.m.c.i.embedder.EclipseLogger - skip non existing resourceDirectory /Users/bhavin/Desktop/WebApp/Spring3Example/src/test/resources
2018-10-27 18:14:56,374 [Worker-27] INFO  o.e.m.c.i.l.LifecycleMappingFactory - Using org.maven.ide.eclipse.wtp.WarLifecycleMapping lifecycle mapping for MavenProject: com.bhavin.core:Spring3Example:0.0.1-SNAPSHOT @ /Users/bhavin/Desktop/WebApp/Spring3Example/pom.xml.
2018-10-27 18:15:12,767 [Worker-27] WARN  o.e.m.c.i.embedder.EclipseLogger - Using platform encoding (UTF-8 actually) to copy filtered resources, i.e. build is platform dependent!
2018-10-27 18:15:12,859 [Worker-27] INFO  o.e.m.c.i.embedder.EclipseLogger - Copying 0 resource
2018-10-27 18:15:12,862 [Worker-27] WARN  o.e.m.c.i.embedder.EclipseLogger - Using platform encoding (UTF-8 actually) to copy filtered resources, i.e. build is platform dependent!
2018-10-27 18:15:12,862 [Worker-27] INFO  o.e.m.c.i.embedder.EclipseLogger - skip non existing resourceDirectory /Users/bhavin/Desktop/WebApp/Spring3Example/src/test/resources
2018-10-27 18:15:12,863 [Worker-27] INFO  o.e.m.w.i.f.ResourceFilteringBuildParticipant - Changed resources require a complete clean of filtered resources of Spring3Example
2018-10-27 18:15:13,000 [Worker-27] INFO  o.e.m.w.i.f.ResourceFilteringBuildParticipant - Executing resource filtering for Spring3Example
2018-10-27 18:15:13,053 [Worker-27] WARN  o.e.m.c.i.embedder.EclipseLogger - Using platform encoding (UTF-8 actually) to copy filtered resources, i.e. build is platform dependent!
2018-10-27 18:15:14,554 [Worker-22] WARN  o.e.m.c.i.embedder.EclipseLogger - Using platform encoding (UTF-8 actually) to copy filtered resources, i.e. build is platform dependent!
2018-10-27 18:15:14,556 [Worker-22] INFO  o.e.m.c.i.embedder.EclipseLogger - Copying 0 resource
2018-10-27 18:15:14,558 [Worker-22] WARN  o.e.m.c.i.embedder.EclipseLogger - Using platform encoding (UTF-8 actually) to copy filtered resources, i.e. build is platform dependent!
2018-10-27 18:15:14,561 [Worker-22] INFO  o.e.m.c.i.embedder.EclipseLogger - skip non existing resourceDirectory /Users/bhavin/Desktop/WebApp/Spring3Example/src/test/resources
2018-10-27 18:15:41,153 [Worker-12] WARN  o.e.m.c.i.embedder.EclipseLogger - Using platform encoding (UTF-8 actually) to copy filtered resources, i.e. build is platform dependent!
2018-10-27 18:15:41,244 [Worker-12] INFO  o.e.m.c.i.embedder.EclipseLogger - Copying 0 resource
2018-10-27 18:15:41,247 [Worker-12] WARN  o.e.m.c.i.embedder.EclipseLogger - Using platform encoding (UTF-8 actually) to copy filtered resources, i.e. build is platform dependent!
2018-10-27 18:15:41,251 [Worker-12] INFO  o.e.m.c.i.embedder.EclipseLogger - skip non existing resourceDirectory /Users/bhavin/Desktop/WebApp/Spring3Example/src/test/resources
2018-10-27 18:16:21,956 [Worker-26] WARN  o.e.m.c.i.embedder.EclipseLogger - Using platform encoding (UTF-8 actually) to copy filtered resources, i.e. build is platform dependent!
2018-10-27 18:16:22,123 [Worker-26] INFO  o.e.m.c.i.embedder.EclipseLogger - Copying 1 resource
2018-10-27 18:16:22,447 [Worker-26] WARN  o.e.m.c.i.embedder.EclipseLogger - Using platform encoding (UTF-8 actually) to copy filtered resources, i.e. build is platform dependent!
2018-10-27 18:16:22,448 [Worker-26] INFO  o.e.m.c.i.embedder.EclipseLogger - skip non existing resourceDirectory /Users/bhavin/Desktop/WebApp/Spring3Example/src/test/resources
2018-10-27 18:17:22,350 [Worker-23] WARN  o.e.m.c.i.embedder.EclipseLogger - Using platform encoding (UTF-8 actually) to copy filtered resources, i.e. build is platform dependent!
2018-10-27 18:17:22,424 [Worker-23] INFO  o.e.m.c.i.embedder.EclipseLogger - Copying 1 resource
2018-10-27 18:17:22,473 [Worker-23] WARN  o.e.m.c.i.embedder.EclipseLogger - Using platform encoding (UTF-8 actually) to copy filtered resources, i.e. build is platform dependent!
2018-10-27 18:17:22,474 [Worker-23] INFO  o.e.m.c.i.embedder.EclipseLogger - skip non existing resourceDirectory /Users/bhavin/Desktop/WebApp/Spring3Example/src/test/resources
2018-10-27 18:17:51,707 [Worker-26] WARN  o.e.m.c.i.embedder.EclipseLogger - Using platform encoding (UTF-8 actually) to copy filtered resources, i.e. build is platform dependent!
2018-10-27 18:17:51,791 [Worker-26] INFO  o.e.m.c.i.embedder.EclipseLogger - Copying 0 resource
2018-10-27 18:17:51,793 [Worker-26] WARN  o.e.m.c.i.embedder.EclipseLogger - Using platform encoding (UTF-8 actually) to copy filtered resources, i.e. build is platform dependent!
2018-10-27 18:17:51,794 [Worker-26] INFO  o.e.m.c.i.embedder.EclipseLogger - skip non existing resourceDirectory /Users/bhavin/Desktop/WebApp/Spring3Example/src/test/resources
2018-10-27 18:18:49,777 [Worker-12] WARN  o.e.m.c.i.embedder.EclipseLogger - Using platform encoding (UTF-8 actually) to copy filtered resources, i.e. build is platform dependent!
2018-10-27 18:18:49,853 [Worker-12] INFO  o.e.m.c.i.embedder.EclipseLogger - Copying 1 resource
2018-10-27 18:18:49,856 [Worker-12] WARN  o.e.m.c.i.embedder.EclipseLogger - Using platform encoding (UTF-8 actually) to copy filtered resources, i.e. build is platform dependent!
2018-10-27 18:18:49,856 [Worker-12] INFO  o.e.m.c.i.embedder.EclipseLogger - skip non existing resourceDirectory /Users/bhavin/Desktop/WebApp/Spring3Example/src/test/resources
2018-10-27 18:19:56,833 [Worker-27] INFO  o.e.m.c.i.p.ProjectConfigurationManager - Update started
2018-10-27 18:20:13,096 [Worker-27] INFO  o.e.m.c.i.l.LifecycleMappingFactory - Using org.maven.ide.eclipse.wtp.WarLifecycleMapping lifecycle mapping for MavenProject: com.bhavin.core:Spring3Example:0.0.1-SNAPSHOT @ /Users/bhavin/Desktop/WebApp/Spring3Example/pom.xml.
2018-10-27 18:20:19,336 [Worker-27] INFO  o.e.m.j.i.AbstractJavaProjectConfigurator - Adding source folder /Spring3Example/src/main/java
2018-10-27 18:20:19,378 [Worker-27] INFO  o.e.m.j.i.AbstractJavaProjectConfigurator - Adding resource folder /Spring3Example/src/main/resources
2018-10-27 18:20:19,379 [Worker-27] INFO  o.e.m.j.i.AbstractJavaProjectConfigurator - Adding source folder /Spring3Example/src/test/java
2018-10-27 18:20:21,658 [Worker-27] INFO  o.e.m.w.i.f.ResourceFilteringBuildParticipant - Cleaning filtered folder for Spring3Example
2018-10-27 18:20:22,076 [Worker-27] INFO  o.e.m.c.i.p.ProjectConfigurationManager - Update completed: 25 sec
2018-10-27 18:20:23,134 [Worker-21] WARN  o.e.m.c.i.embedder.EclipseLogger - Using platform encoding (UTF-8 actually) to copy filtered resources, i.e. build is platform dependent!
2018-10-27 18:20:23,217 [Worker-21] INFO  o.e.m.c.i.embedder.EclipseLogger - Copying 1 resource
2018-10-27 18:20:23,234 [Worker-21] WARN  o.e.m.c.i.embedder.EclipseLogger - Using platform encoding (UTF-8 actually) to copy filtered resources, i.e. build is platform dependent!
2018-10-27 18:20:23,278 [Worker-21] INFO  o.e.m.c.i.embedder.EclipseLogger - skip non existing resourceDirectory /Users/bhavin/Desktop/WebApp/Spring3Example/src/test/resources
2018-10-27 18:20:23,278 [Worker-21] INFO  o.e.m.w.i.f.ResourceFilteringBuildParticipant - Changed resources require a complete clean of filtered resources of Spring3Example
2018-10-27 18:20:23,278 [Worker-21] INFO  o.e.m.w.i.f.ResourceFilteringBuildParticipant - Executing resource filtering for Spring3Example
2018-10-27 18:20:23,284 [Worker-21] WARN  o.e.m.c.i.embedder.EclipseLogger - Using platform encoding (UTF-8 actually) to copy filtered resources, i.e. build is platform dependent!
2018-10-27 18:20:44,631 [main] INFO  o.e.m2e.actions.ExecutePomAction - Creating new launch configuration
2018-10-27 18:21:05,724 [Worker-12] INFO  o.e.m.i.launch.MavenLaunchDelegate - /Users/bhavin/Desktop/WebApp/Spring3Example
2018-10-27 18:21:05,923 [Worker-12] INFO  o.e.m.i.launch.MavenLaunchDelegate -  mvn -B 
2018-10-27 18:23:41,870 [Worker-17] INFO  o.e.m.i.launch.MavenLaunchDelegate - /Users/bhavin/Desktop/WebApp/Spring3Example
2018-10-27 18:23:41,944 [Worker-17] INFO  o.e.m.i.launch.MavenLaunchDelegate -  mvn -B install
2018-10-27 18:24:21,613 [Worker-23] WARN  o.e.m.c.i.embedder.EclipseLogger - Using platform encoding (UTF-8 actually) to copy filtered resources, i.e. build is platform dependent!
2018-10-27 18:24:21,813 [Worker-23] INFO  o.e.m.c.i.embedder.EclipseLogger - Copying 1 resource
2018-10-27 18:24:21,815 [Worker-23] WARN  o.e.m.c.i.embedder.EclipseLogger - Using platform encoding (UTF-8 actually) to copy filtered resources, i.e. build is platform dependent!
2018-10-27 18:24:21,839 [Worker-23] INFO  o.e.m.c.i.embedder.EclipseLogger - skip non existing resourceDirectory /Users/bhavin/Desktop/WebApp/Spring3Example/src/test/resources
2018-10-27 18:24:29,745 [main] INFO  o.e.m2e.actions.ExecutePomAction - Using existing launch configuration
2018-10-27 18:24:40,201 [Worker-22] INFO  o.e.m.i.launch.MavenLaunchDelegate - /Users/bhavin/Desktop/WebApp/Spring3Example
2018-10-27 18:24:40,201 [Worker-22] INFO  o.e.m.i.launch.MavenLaunchDelegate -  mvn -B 
2018-10-27 18:25:14,370 [main] INFO  o.e.m2e.actions.ExecutePomAction - Using existing launch configuration
2018-10-27 18:25:19,806 [Worker-23] INFO  o.e.m.i.launch.MavenLaunchDelegate - /Users/bhavin/Desktop/WebApp/Spring3Example
2018-10-27 18:25:19,806 [Worker-23] INFO  o.e.m.i.launch.MavenLaunchDelegate -  mvn -B Test
2018-11-05 14:49:28,712 [Worker-3] WARN  o.e.m.c.i.embedder.EclipseLogger - Using platform encoding (UTF-8 actually) to copy filtered resources, i.e. build is platform dependent!
2018-11-05 14:49:30,274 [Worker-3] INFO  o.e.m.c.i.embedder.EclipseLogger - Copying 1 resource
2018-11-05 14:49:31,558 [Worker-3] WARN  o.e.m.c.i.embedder.EclipseLogger - Using platform encoding (UTF-8 actually) to copy filtered resources, i.e. build is platform dependent!
2018-11-05 14:49:31,559 [Worker-3] INFO  o.e.m.c.i.embedder.EclipseLogger - skip non existing resourceDirectory /Users/bhavin/Desktop/WebApp/Spring3Example/src/test/resources
2018-11-05 14:52:27,932 [ModalContext] INFO  o.e.m.c.i.e.AbstractTransferListenerAdapter - Downloading https://repo.maven.apache.org/maven2/org/apache/maven/archetypes/maven-archetype-quickstart/1.1/maven-archetype-quickstart-1.1.jar
2018-11-05 14:52:29,189 [ModalContext] INFO  o.e.m.c.i.e.AbstractTransferListenerAdapter - Downloaded https://repo.maven.apache.org/maven2/org/apache/maven/archetypes/maven-archetype-quickstart/1.1/maven-archetype-quickstart-1.1.jar
2018-11-05 14:52:29,524 [ModalContext] INFO  o.e.m.c.i.e.AbstractTransferListenerAdapter - Downloading https://repo.maven.apache.org/maven2/org/apache/maven/archetypes/maven-archetype-quickstart/1.1/maven-archetype-quickstart-1.1.pom
2018-11-05 14:52:30,321 [ModalContext] INFO  o.e.m.c.i.e.AbstractTransferListenerAdapter - Downloaded https://repo.maven.apache.org/maven2/org/apache/maven/archetypes/maven-archetype-quickstart/1.1/maven-archetype-quickstart-1.1.pom
2018-11-05 14:53:30,481 [Worker-6] INFO  o.e.m.c.i.p.ProjectConfigurationManager - Collecting project info '/pom.xml' /Users/bhavin/Desktop/WebApp/JDBCExample/pom.xml
2018-11-05 14:54:07,497 [Worker-6] INFO  o.e.m.c.i.l.LifecycleMappingFactory - Using org.eclipse.m2e.jdt.JarLifecycleMapping lifecycle mapping for MavenProject: com.bhavin.core:JDBCExample:0.0.1-SNAPSHOT @ /Users/bhavin/Desktop/WebApp/JDBCExample/pom.xml.
2018-11-05 14:54:18,379 [Worker-6] INFO  o.e.m.j.i.AbstractJavaProjectConfigurator - Adding source folder /JDBCExample/src/main/java
2018-11-05 14:54:18,682 [Worker-6] INFO  o.e.m.j.i.AbstractJavaProjectConfigurator - Adding source folder /JDBCExample/src/test/java
2018-11-05 14:54:24,598 [Worker-6] INFO  o.e.m.c.i.p.ProjectConfigurationManager - Imported and configured 1 project(s) in 54 sec
2018-11-05 14:54:44,759 [Worker-1] INFO  o.e.m.c.i.embedder.EclipseLogger - Using 'UTF-8' encoding to copy filtered resources.
2018-11-05 14:54:44,943 [Worker-1] INFO  o.e.m.c.i.embedder.EclipseLogger - skip non existing resourceDirectory /Users/bhavin/Desktop/WebApp/JDBCExample/src/main/resources
2018-11-05 14:54:44,945 [Worker-1] INFO  o.e.m.c.i.embedder.EclipseLogger - Using 'UTF-8' encoding to copy filtered resources.
2018-11-05 14:54:44,945 [Worker-1] INFO  o.e.m.c.i.embedder.EclipseLogger - skip non existing resourceDirectory /Users/bhavin/Desktop/WebApp/JDBCExample/src/test/resources
2018-11-05 16:34:18,373 [Worker-44] INFO  o.e.m.c.i.l.LifecycleMappingFactory - Using org.eclipse.m2e.jdt.JarLifecycleMapping lifecycle mapping for MavenProject: com.bhavin.core:JDBCExample:0.0.1-SNAPSHOT @ /Users/bhavin/Desktop/WebApp/JDBCExample/pom.xml.
2018-11-05 16:34:20,271 [Worker-44] INFO  o.e.m.c.i.e.AbstractTransferListenerAdapter - Downloading https://repo.maven.apache.org/maven2/org/springframework/spring/2.5.6/spring-2.5.6.pom
2018-11-05 16:34:21,801 [Worker-44] INFO  o.e.m.c.i.e.AbstractTransferListenerAdapter - Downloaded https://repo.maven.apache.org/maven2/org/springframework/spring/2.5.6/spring-2.5.6.pom
2018-11-05 16:34:25,292 [Worker-44] INFO  o.e.m.c.i.e.AbstractTransferListenerAdapter - Downloading https://repo.maven.apache.org/maven2/org/springframework/spring/2.5.6/spring-2.5.6.jar
2018-11-05 16:34:43,133 [Worker-44] INFO  o.e.m.c.i.e.AbstractTransferListenerAdapter - Downloaded https://repo.maven.apache.org/maven2/org/springframework/spring/2.5.6/spring-2.5.6.jar
2018-11-05 16:34:52,820 [Worker-44] INFO  o.e.m.c.i.embedder.EclipseLogger - Using 'UTF-8' encoding to copy filtered resources.
2018-11-05 16:34:53,036 [Worker-44] INFO  o.e.m.c.i.embedder.EclipseLogger - skip non existing resourceDirectory /Users/bhavin/Desktop/WebApp/JDBCExample/src/main/resources
2018-11-05 16:34:53,262 [Worker-44] INFO  o.e.m.c.i.embedder.EclipseLogger - Using 'UTF-8' encoding to copy filtered resources.
2018-11-05 16:34:53,262 [Worker-44] INFO  o.e.m.c.i.embedder.EclipseLogger - skip non existing resourceDirectory /Users/bhavin/Desktop/WebApp/JDBCExample/src/test/resources
2018-11-05 16:35:08,795 [Worker-52] INFO  o.e.m.c.i.embedder.EclipseLogger - Using 'UTF-8' encoding to copy filtered resources.
2018-11-05 16:35:08,894 [Worker-52] INFO  o.e.m.c.i.embedder.EclipseLogger - skip non existing resourceDirectory /Users/bhavin/Desktop/WebApp/JDBCExample/src/main/resources
2018-11-05 16:35:08,897 [Worker-52] INFO  o.e.m.c.i.embedder.EclipseLogger - Using 'UTF-8' encoding to copy filtered resources.
2018-11-05 16:35:08,898 [Worker-52] INFO  o.e.m.c.i.embedder.EclipseLogger - skip non existing resourceDirectory /Users/bhavin/Desktop/WebApp/JDBCExample/src/test/resources
